2023-10-05T15:08:57.132+0530	ERROR	core/project.go:559	populating default models: getting all inputs Models: listing models for child source models/: error listing models: error parsing model build spec for stripe_features: error parsing yaml.  Parse result:
entity_key: user
validity_time: 24h0m0s
vars:
    - entity_var:
        name: shipping_address_country_ts
        select: max(created)
        from: inputs/stripeCharges
        where: currency is not null and currency != ''
    - entity_var:
        name: shipping_address_country
        select: max(billing_details_address_country)
        from: inputs/stripeCharges
        where: created = shipping_address_country_ts
    - entity_var:
        name: shipping_address_state_ts
        select: max(created)
        from: inputs/stripeCharges
        where: currency is not null and currency != ''
    - entity_var:
        name: shipping_address_state
        select: max(billing_details_address_state)
        from: inputs/stripeCharges
        where: created = shipping_address_state_ts
    - entity_var:
        name: customer_currency_ts
        select: max(created)
        from: inputs/stripeCharges
        where: currency is not null and currency != ''
    - entity_var:
        name: customer_currency
        select: max(currency)
        from: inputs/stripeCharges
        where: created = customer_currency_ts
    - entity_var:
        name: payment_method_details_card_network_ts
        select: max(created)
        from: inputs/stripeCharges
        where: currency is not null and currency != ''
    - entity_var:
        name: payment_method_details_card_network
        select: max(payment_method_details_card_network)
        from: inputs/stripeCharges
        where: created = payment_method_details_card_network_ts
    - entity_var:
        name: is_delinquent
        select: max(delinquent)
        from: inputs/stripeCustomers
    - entity_var:
        name: has_credit_card
        select: max(case when (payment_method_details_card_funding = 'credit' and status = 'succeeded') then 1 else 0 end)
        from: inputs/stripeCharges
    - entity_var:
        name: first_sale_time
        select: min(created)
        from: inputs/stripeCharges
        where: status = 'succeeded'
    - entity_var:
        name: days_since_first_sale
        select: '{{ macro_datediff(''first_sale_time'') }}'
        dependencies:
            - first_sale_time
    - entity_var:
        name: last_purchase_time
        select: max(created)
        from: inputs/stripeCharges
        where: status = 'succeeded'
    - entity_var:
        name: days_since_last_purchase
        select: '{{ macro_datediff(''last_purchase_time'') }}'
        dependencies:
            - last_purchase_time
    - entity_var:
        name: total_sales
        select: sum(amount)
        from: inputs/stripeBalanceHistory
        where: type = 'charge'
    - entity_var:
        name: total_refunds
        select: sum(amount)
        from: inputs/stripeBalanceHistory
        where: type = 'refund'
    - entity_var:
        name: total_fees
        select: sum(fee)
        from: inputs/stripeBalanceHistory
    - entity_var:
        name: total_amt_spent
        select: sum(amount)
        from: inputs/stripeBalanceHistory
    - entity_var:
        name: total_net_transaction_amount
        select: sum(net)
        from: inputs/stripeBalanceHistory
    - entity_var:
        name: average_transaction_value
        select: avg(amount)
        from: inputs/stripeBalanceHistory
    - entity_var:
        name: highest_transaction_value
        select: max(amount)
        from: inputs/stripeBalanceHistory
    - entity_var:
        name: total_transactions
        select: sum(case when type = 'charge' then 1 else 0 end)
        from: inputs/stripeBalanceHistory
    - entity_var:
        name: refund_count
        select: sum(case when type = 'refund' then 1 else 0 end)
        from: inputs/stripeBalanceHistory
    - entity_var:
        name: total_failed_charge_amount
        select: sum(amount)
        from: inputs/stripeCharges
        where: status = 'failed'
    - entity_var:
        name: total_failed_charge_count
        select: sum(case when status = 'failed' then 1 else 0 end)
        from: inputs/stripeCharges
    - entity_var:
        name: sales_in_past_365_days
        select: sum(case when type = 'charge' then amount else 0 end)
        from: inputs/stripeBalanceHistory
        where: '{{ macro_datediff(''created'') }} <= 365'
    - entity_var:
        name: refund_in_past_365_days
        select: sum(case when type = 'refund' then amount else 0 end)
        from: inputs/stripeBalanceHistory
        where: '{{ macro_datediff_n(''created'',''365'') }}'
    - entity_var:
        name: fees_in_past_365_days
        select: sum(fee)
        from: inputs/stripeBalanceHistory
        where: '{{ macro_datediff_n(''created'',''365'') }}'
    - entity_var:
        name: amt_spent_in_past_365_days
        select: sum(amount)
        from: inputs/stripeBalanceHistory
        where: '{{ macro_datediff_n(''created'',''365'') }}'
    - entity_var:
        name: average_transaction_value_in_past_365_days
        select: avg(amount)
        from: inputs/stripeBalanceHistory
        where: '{{ macro_datediff_n(''created'',''365'') }}'
    - entity_var:
        name: highest_transaction_value_in_past_365_days
        select: max(amount)
        from: inputs/stripeBalanceHistory
        where: '{{ macro_datediff_n(''created'',''365'') }}'
    - entity_var:
        name: net_transaction_amount_in_past_365_days
        select: sum(net)
        from: inputs/stripeBalanceHistory
        where: '{{ macro_datediff_n(''created'',''365'') }}'
    - entity_var:
        name: transactions_in_past_365_days
        select: sum(case when type = 'charge' then 1 else 0 end)
        from: inputs/stripeBalanceHistory
        where: '{{ macro_datediff_n(''created'',''365'') }}'
    - entity_var:
        name: refund_count_in_past_365_days
        select: sum(case when type = 'refund' then 1 else 0 end)
        from: inputs/stripeBalanceHistory
        where: '{{ macro_datediff_n(''created'',''365'') }}'
    - entity_var:
        name: n_subscriptions_total
        select: count( distinct subscriptions_id)
        from: inputs/stripeInvoicesView
    - entity_var:
        name: n_plans_total
        select: count( distinct plan_id)
        from: inputs/stripeInvoicesView
    - entity_var:
        name: n_paid_intervals
        select: count( distinct invoices_id)
        from: inputs/stripeInvoicesView
        where: charges_created_timestamp is not null or charges_created_timestamp < to_timestamp_tz(replace('{{end_time}}',' UTC'))
    - input_var:
        name: subscriptions_renewal_count
        select: sum(case when charges_amount > 0 then 1 else 0 end)
        from: inputs/stripeInvoicesView
        window:
            partition_by:
                - subscriptions_id
    - entity_var:
        name: n_max_renewals
        select: case when max(subscriptions_renewal_count) = 0 then null else max(subscriptions_renewal_count) - 1 end
        from: inputs/stripeInvoicesView
    - entity_var:
        name: distinct_plans_subscribed
        select: array_agg(distinct plan_id)
        from: inputs/stripeInvoicesView
    - entity_var:
        name: current_amount_due_subscriptions
        select: sum(amount_due)
        from: inputs/stripeInvoicesView
        where: ( {% if !(end_time|isnil) %} charges_created_timestamp > date('{{end_time.Format("2006-01-02 15:04:05")}}') {% else %} charges_created_timestamp > GETDATE() {% endif %} and canceled_at is null )  or ( {% if !(end_time|isnil) %} canceled_at > date('{{end_time.Format("2006-01-02 15:04:05")}}') {% else %} canceled_at > GETDATE() {% endif %}  and amount_due > 0 )
    - entity_var:
        name: amt_spent_subscriptions
        select: sum(charges_amount) - sum(case when refund_amount is not null then refund_amount else 0 end)
        from: inputs/stripeInvoicesView
        where: invoices_id is not null
    - entity_var:
        name: first_subscription_time
        select: min(charges_created_timestamp)
        from: inputs/stripeInvoicesView
        where: invoices_id is not null and (canceled_at is null or canceled_at > to_timestamp_tz(replace('{{end_time}}',' UTC')))
    - entity_var:
        name: days_since_first_subscription
        select: '{{ macro_datediff(''first_subscription_time'') }}'
        dependencies:
            - first_subscription_time
    - entity_var:
        name: total_active_subscriptions
        select: count( distinct subscriptions_id)
        from: inputs/stripeInvoicesView
        where: '{{active_plans_filter(''charges_amount'',''canceled_at'')}}'
    - entity_var:
        name: total_active_plans
        select: count( distinct plan_id)
        from: inputs/stripeInvoicesView
        where: '{{active_plans_filter(''charges_amount'',''canceled_at'')}}'
    - entity_var:
        name: active_plan_intervals
        select: array_agg(plan_interval)
        from: inputs/stripeInvoicesView
        where: '{{active_plans_filter(''charges_amount'',''canceled_at'')}}'
    - entity_var:
        name: total_active_plan_amount
        select: sum(plan_amount)
        from: inputs/stripeInvoicesView
        where: '{{active_plans_filter(''charges_amount'',''canceled_at'')}}'
features:
    - shipping_address_country
    - shipping_address_state
    - customer_currency
    - payment_method_details_card_network
    - is_delinquent
    - has_credit_card
    - days_since_first_sale
    - days_since_last_purchase
    - total_sales
    - total_refunds
    - total_fees
    - total_amt_spent
    - total_net_transaction_amount
    - average_transaction_value
    - highest_transaction_value
    - total_transactions
    - refund_count
    - total_failed_charge_amount
    - total_failed_charge_count
    - sales_in_past_365_days
    - refund_in_past_365_days
    - fees_in_past_365_days
    - amt_spent_in_past_365_days
    - average_transaction_value_in_past_365_days
    - highest_transaction_value_in_past_365_days
    - net_transaction_amount_in_past_365_days
    - transactions_in_past_365_days
    - refund_count_in_past_365_days
    - n_subscriptions_total
    - n_plans_total
    - n_paid_intervals
    - n_max_renewals
    - distinct_plans_subscribed
    - current_amount_due_subscriptions
    - amt_spent_subscriptions
    - days_since_first_subscription
    - total_active_subscriptions
    - total_active_plans
    - active_plan_intervals
    - total_active_plan_amount

Parse error:yaml: unmarshal errors:
  line 43: field macros not found in type features.FeatureTableBuildSpec

2023-10-05T15:08:57.133+0530	ERROR	core/project.go:317	populating from models folders for /Users/admin/Desktop/Playground/Library Projects/rudderstack-profiles-stripe-features: populating default models: getting all inputs Models: listing models for child source models/: error listing models: error parsing model build spec for stripe_features: error parsing yaml.  Parse result:
entity_key: user
validity_time: 24h0m0s
vars:
    - entity_var:
        name: shipping_address_country_ts
        select: max(created)
        from: inputs/stripeCharges
        where: currency is not null and currency != ''
    - entity_var:
        name: shipping_address_country
        select: max(billing_details_address_country)
        from: inputs/stripeCharges
        where: created = shipping_address_country_ts
    - entity_var:
        name: shipping_address_state_ts
        select: max(created)
        from: inputs/stripeCharges
        where: currency is not null and currency != ''
    - entity_var:
        name: shipping_address_state
        select: max(billing_details_address_state)
        from: inputs/stripeCharges
        where: created = shipping_address_state_ts
    - entity_var:
        name: customer_currency_ts
        select: max(created)
        from: inputs/stripeCharges
        where: currency is not null and currency != ''
    - entity_var:
        name: customer_currency
        select: max(currency)
        from: inputs/stripeCharges
        where: created = customer_currency_ts
    - entity_var:
        name: payment_method_details_card_network_ts
        select: max(created)
        from: inputs/stripeCharges
        where: currency is not null and currency != ''
    - entity_var:
        name: payment_method_details_card_network
        select: max(payment_method_details_card_network)
        from: inputs/stripeCharges
        where: created = payment_method_details_card_network_ts
    - entity_var:
        name: is_delinquent
        select: max(delinquent)
        from: inputs/stripeCustomers
    - entity_var:
        name: has_credit_card
        select: max(case when (payment_method_details_card_funding = 'credit' and status = 'succeeded') then 1 else 0 end)
        from: inputs/stripeCharges
    - entity_var:
        name: first_sale_time
        select: min(created)
        from: inputs/stripeCharges
        where: status = 'succeeded'
    - entity_var:
        name: days_since_first_sale
        select: '{{ macro_datediff(''first_sale_time'') }}'
        dependencies:
            - first_sale_time
    - entity_var:
        name: last_purchase_time
        select: max(created)
        from: inputs/stripeCharges
        where: status = 'succeeded'
    - entity_var:
        name: days_since_last_purchase
        select: '{{ macro_datediff(''last_purchase_time'') }}'
        dependencies:
            - last_purchase_time
    - entity_var:
        name: total_sales
        select: sum(amount)
        from: inputs/stripeBalanceHistory
        where: type = 'charge'
    - entity_var:
        name: total_refunds
        select: sum(amount)
        from: inputs/stripeBalanceHistory
        where: type = 'refund'
    - entity_var:
        name: total_fees
        select: sum(fee)
        from: inputs/stripeBalanceHistory
    - entity_var:
        name: total_amt_spent
        select: sum(amount)
        from: inputs/stripeBalanceHistory
    - entity_var:
        name: total_net_transaction_amount
        select: sum(net)
        from: inputs/stripeBalanceHistory
    - entity_var:
        name: average_transaction_value
        select: avg(amount)
        from: inputs/stripeBalanceHistory
    - entity_var:
        name: highest_transaction_value
        select: max(amount)
        from: inputs/stripeBalanceHistory
    - entity_var:
        name: total_transactions
        select: sum(case when type = 'charge' then 1 else 0 end)
        from: inputs/stripeBalanceHistory
    - entity_var:
        name: refund_count
        select: sum(case when type = 'refund' then 1 else 0 end)
        from: inputs/stripeBalanceHistory
    - entity_var:
        name: total_failed_charge_amount
        select: sum(amount)
        from: inputs/stripeCharges
        where: status = 'failed'
    - entity_var:
        name: total_failed_charge_count
        select: sum(case when status = 'failed' then 1 else 0 end)
        from: inputs/stripeCharges
    - entity_var:
        name: sales_in_past_365_days
        select: sum(case when type = 'charge' then amount else 0 end)
        from: inputs/stripeBalanceHistory
        where: '{{ macro_datediff(''created'') }} <= 365'
    - entity_var:
        name: refund_in_past_365_days
        select: sum(case when type = 'refund' then amount else 0 end)
        from: inputs/stripeBalanceHistory
        where: '{{ macro_datediff_n(''created'',''365'') }}'
    - entity_var:
        name: fees_in_past_365_days
        select: sum(fee)
        from: inputs/stripeBalanceHistory
        where: '{{ macro_datediff_n(''created'',''365'') }}'
    - entity_var:
        name: amt_spent_in_past_365_days
        select: sum(amount)
        from: inputs/stripeBalanceHistory
        where: '{{ macro_datediff_n(''created'',''365'') }}'
    - entity_var:
        name: average_transaction_value_in_past_365_days
        select: avg(amount)
        from: inputs/stripeBalanceHistory
        where: '{{ macro_datediff_n(''created'',''365'') }}'
    - entity_var:
        name: highest_transaction_value_in_past_365_days
        select: max(amount)
        from: inputs/stripeBalanceHistory
        where: '{{ macro_datediff_n(''created'',''365'') }}'
    - entity_var:
        name: net_transaction_amount_in_past_365_days
        select: sum(net)
        from: inputs/stripeBalanceHistory
        where: '{{ macro_datediff_n(''created'',''365'') }}'
    - entity_var:
        name: transactions_in_past_365_days
        select: sum(case when type = 'charge' then 1 else 0 end)
        from: inputs/stripeBalanceHistory
        where: '{{ macro_datediff_n(''created'',''365'') }}'
    - entity_var:
        name: refund_count_in_past_365_days
        select: sum(case when type = 'refund' then 1 else 0 end)
        from: inputs/stripeBalanceHistory
        where: '{{ macro_datediff_n(''created'',''365'') }}'
    - entity_var:
        name: n_subscriptions_total
        select: count( distinct subscriptions_id)
        from: inputs/stripeInvoicesView
    - entity_var:
        name: n_plans_total
        select: count( distinct plan_id)
        from: inputs/stripeInvoicesView
    - entity_var:
        name: n_paid_intervals
        select: count( distinct invoices_id)
        from: inputs/stripeInvoicesView
        where: charges_created_timestamp is not null or charges_created_timestamp < to_timestamp_tz(replace('{{end_time}}',' UTC'))
    - input_var:
        name: subscriptions_renewal_count
        select: sum(case when charges_amount > 0 then 1 else 0 end)
        from: inputs/stripeInvoicesView
        window:
            partition_by:
                - subscriptions_id
    - entity_var:
        name: n_max_renewals
        select: case when max(subscriptions_renewal_count) = 0 then null else max(subscriptions_renewal_count) - 1 end
        from: inputs/stripeInvoicesView
    - entity_var:
        name: distinct_plans_subscribed
        select: array_agg(distinct plan_id)
        from: inputs/stripeInvoicesView
    - entity_var:
        name: current_amount_due_subscriptions
        select: sum(amount_due)
        from: inputs/stripeInvoicesView
        where: ( {% if !(end_time|isnil) %} charges_created_timestamp > date('{{end_time.Format("2006-01-02 15:04:05")}}') {% else %} charges_created_timestamp > GETDATE() {% endif %} and canceled_at is null )  or ( {% if !(end_time|isnil) %} canceled_at > date('{{end_time.Format("2006-01-02 15:04:05")}}') {% else %} canceled_at > GETDATE() {% endif %}  and amount_due > 0 )
    - entity_var:
        name: amt_spent_subscriptions
        select: sum(charges_amount) - sum(case when refund_amount is not null then refund_amount else 0 end)
        from: inputs/stripeInvoicesView
        where: invoices_id is not null
    - entity_var:
        name: first_subscription_time
        select: min(charges_created_timestamp)
        from: inputs/stripeInvoicesView
        where: invoices_id is not null and (canceled_at is null or canceled_at > to_timestamp_tz(replace('{{end_time}}',' UTC')))
    - entity_var:
        name: days_since_first_subscription
        select: '{{ macro_datediff(''first_subscription_time'') }}'
        dependencies:
            - first_subscription_time
    - entity_var:
        name: total_active_subscriptions
        select: count( distinct subscriptions_id)
        from: inputs/stripeInvoicesView
        where: '{{active_plans_filter(''charges_amount'',''canceled_at'')}}'
    - entity_var:
        name: total_active_plans
        select: count( distinct plan_id)
        from: inputs/stripeInvoicesView
        where: '{{active_plans_filter(''charges_amount'',''canceled_at'')}}'
    - entity_var:
        name: active_plan_intervals
        select: array_agg(plan_interval)
        from: inputs/stripeInvoicesView
        where: '{{active_plans_filter(''charges_amount'',''canceled_at'')}}'
    - entity_var:
        name: total_active_plan_amount
        select: sum(plan_amount)
        from: inputs/stripeInvoicesView
        where: '{{active_plans_filter(''charges_amount'',''canceled_at'')}}'
features:
    - shipping_address_country
    - shipping_address_state
    - customer_currency
    - payment_method_details_card_network
    - is_delinquent
    - has_credit_card
    - days_since_first_sale
    - days_since_last_purchase
    - total_sales
    - total_refunds
    - total_fees
    - total_amt_spent
    - total_net_transaction_amount
    - average_transaction_value
    - highest_transaction_value
    - total_transactions
    - refund_count
    - total_failed_charge_amount
    - total_failed_charge_count
    - sales_in_past_365_days
    - refund_in_past_365_days
    - fees_in_past_365_days
    - amt_spent_in_past_365_days
    - average_transaction_value_in_past_365_days
    - highest_transaction_value_in_past_365_days
    - net_transaction_amount_in_past_365_days
    - transactions_in_past_365_days
    - refund_count_in_past_365_days
    - n_subscriptions_total
    - n_plans_total
    - n_paid_intervals
    - n_max_renewals
    - distinct_plans_subscribed
    - current_amount_due_subscriptions
    - amt_spent_subscriptions
    - days_since_first_subscription
    - total_active_subscriptions
    - total_active_plans
    - active_plan_intervals
    - total_active_plan_amount

Parse error:yaml: unmarshal errors:
  line 43: field macros not found in type features.FeatureTableBuildSpec

2023-10-05T15:09:50.818+0530	INFO	run/run.go:32	Checking required schema access

2023-10-05T15:10:10.882+0530	ERROR	base/checkAccess.go:32	insufficient grants on input objects

2023-10-05T15:10:10.882+0530	ERROR	core/project.go:1557	target connection dev does not have sufficient access to run the project: insufficient grants on input objects, please run following queries: 
GRANT USAGE ON DATABASE analytics_db TO ROLE RS360_TEST_ROLE;
GRANT USAGE ON SCHEMA analytics_db.data_apps_simulated_stripe TO ROLE RS360_TEST_ROLE;
GRANT SELECT ON TABLE analytics_db.data_apps_simulated_stripe.refunds TO ROLE RS360_TEST_ROLE;
GRANT SELECT ON TABLE analytics_db.data_apps_simulated_stripe.customers TO ROLE RS360_TEST_ROLE;
GRANT SELECT ON TABLE analytics_db.data_apps_simulated_stripe.subscriptions TO ROLE RS360_TEST_ROLE;
GRANT SELECT ON TABLE analytics_db.data_apps_simulated_stripe.balance_transactions TO ROLE RS360_TEST_ROLE;
GRANT SELECT ON TABLE analytics_db.data_apps_simulated_stripe.invoices TO ROLE RS360_TEST_ROLE;
GRANT SELECT ON TABLE analytics_db.data_apps_simulated_stripe.charges TO ROLE RS360_TEST_ROLE;
GRANT USAGE ON DATABASE ANALYTICS_DB TO ROLE RS360_TEST_ROLE;
GRANT USAGE ON SCHEMA ANALYTICS_DB.DATA_APPS_SIMULATED_STRIPE TO ROLE RS360_TEST_ROLE;
GRANT SELECT ON VIEW ANALYTICS_DB.DATA_APPS_SIMULATED_STRIPE.STG_INVOICES_DATA TO ROLE RS360_TEST_ROLE;


2023-10-05T15:24:27.963+0530	INFO	run/run.go:32	Checking required schema access

2023-10-05T15:24:59.076+0530	ERROR	base/checkAccess.go:32	insufficient grants on input objects

2023-10-05T15:24:59.077+0530	ERROR	core/project.go:1557	target connection dev does not have sufficient access to run the project: insufficient grants on input objects, please run following queries: 
GRANT USAGE ON DATABASE RUDDERSTACK_TEST_DB TO ROLE RS360_TEST_ROLE;
GRANT USAGE ON SCHEMA RUDDERSTACK_TEST_DB.data_apps_simulated_stripe TO ROLE RS360_TEST_ROLE;
GRANT SELECT ON TABLE RUDDERSTACK_TEST_DB.data_apps_simulated_stripe.subscriptions TO ROLE RS360_TEST_ROLE;
GRANT SELECT ON TABLE RUDDERSTACK_TEST_DB.data_apps_simulated_stripe.customers TO ROLE RS360_TEST_ROLE;
GRANT SELECT ON TABLE RUDDERSTACK_TEST_DB.data_apps_simulated_stripe.balance_transactions TO ROLE RS360_TEST_ROLE;
GRANT SELECT ON TABLE RUDDERSTACK_TEST_DB.data_apps_simulated_stripe.invoices TO ROLE RS360_TEST_ROLE;
GRANT SELECT ON TABLE RUDDERSTACK_TEST_DB.data_apps_simulated_stripe.refunds TO ROLE RS360_TEST_ROLE;
GRANT SELECT ON TABLE RUDDERSTACK_TEST_DB.data_apps_simulated_stripe.charges TO ROLE RS360_TEST_ROLE;


2023-10-05T15:25:53.489+0530	INFO	run/run.go:32	Checking required schema access

2023-10-05T15:26:26.033+0530	ERROR	base/checkAccess.go:32	insufficient grants on input objects

2023-10-05T15:26:26.033+0530	ERROR	core/project.go:1557	target connection dev does not have sufficient access to run the project: insufficient grants on input objects, please run following queries: 
GRANT USAGE ON DATABASE RUDDERSTACK_TEST_DB TO ROLE RS360_TEST_ROLE;
GRANT USAGE ON SCHEMA RUDDERSTACK_TEST_DB.data_apps_simulated_stripe TO ROLE RS360_TEST_ROLE;
GRANT SELECT ON TABLE RUDDERSTACK_TEST_DB.data_apps_simulated_stripe.invoices TO ROLE RS360_TEST_ROLE;
GRANT SELECT ON TABLE RUDDERSTACK_TEST_DB.data_apps_simulated_stripe.refunds TO ROLE RS360_TEST_ROLE;
GRANT SELECT ON TABLE RUDDERSTACK_TEST_DB.data_apps_simulated_stripe.subscriptions TO ROLE RS360_TEST_ROLE;
GRANT SELECT ON TABLE RUDDERSTACK_TEST_DB.data_apps_simulated_stripe.balance_transactions TO ROLE RS360_TEST_ROLE;
GRANT SELECT ON TABLE RUDDERSTACK_TEST_DB.data_apps_simulated_stripe.charges TO ROLE RS360_TEST_ROLE;
GRANT SELECT ON TABLE RUDDERSTACK_TEST_DB.data_apps_simulated_stripe.customers TO ROLE RS360_TEST_ROLE;


2023-10-06T14:56:18.670+0530	INFO	validate/access.go:31	Checking warehouse connectivity

2023-10-06T14:56:23.726+0530	INFO	validate/access.go:56	Checking required schema access

2023-10-06T14:56:24.296+0530	INFO	validate/access.go:78	Preparing registry setup

2023-10-06T14:56:30.611+0530	INFO	validate/access.go:87	Accessing context

2023-10-06T14:56:33.915+0530	INFO	validate/access.go:97	Accessing all models

2023-10-06T14:56:33.959+0530	INFO	validate/access.go:109	Checking required access for creating UDFs

2023-10-06T14:56:33.959+0530	INFO	validate/access.go:123	Checking required access to inputs for models

2023-10-06T14:56:58.998+0530	ERROR	base/checkAccess.go:32	insufficient grants on input objects

2023-10-06T14:56:58.998+0530	ERROR	validate/access.go:132	insufficient grants on inputs: 
Error: insufficient grants on input objects, please run following queries to grant required privileges: 
GRANT USAGE ON DATABASE RUDDERSTACK_TEST_DB TO ROLE RS360_TEST_ROLE;
GRANT USAGE ON SCHEMA RUDDERSTACK_TEST_DB.data_apps_simulated_stripe TO ROLE RS360_TEST_ROLE;
GRANT SELECT ON TABLE RUDDERSTACK_TEST_DB.data_apps_simulated_stripe.balance_transactions TO ROLE RS360_TEST_ROLE;
GRANT SELECT ON TABLE RUDDERSTACK_TEST_DB.data_apps_simulated_stripe.subscriptions TO ROLE RS360_TEST_ROLE;
GRANT SELECT ON TABLE RUDDERSTACK_TEST_DB.data_apps_simulated_stripe.refunds TO ROLE RS360_TEST_ROLE;
GRANT SELECT ON TABLE RUDDERSTACK_TEST_DB.data_apps_simulated_stripe.customers TO ROLE RS360_TEST_ROLE;
GRANT SELECT ON TABLE RUDDERSTACK_TEST_DB.data_apps_simulated_stripe.invoices TO ROLE RS360_TEST_ROLE;
GRANT SELECT ON TABLE RUDDERSTACK_TEST_DB.data_apps_simulated_stripe.charges TO ROLE RS360_TEST_ROLE;


2023-10-06T15:11:15.183+0530	INFO	base/interfaces.go:274	Compiled model. Material_stripe_features_1b4e7b34_79 to output/dev/seq_no/79. 


2023-10-06T15:11:15.185+0530	INFO	base/interfaces.go:274	Compiled model. Material_stripe_id_stitcher_903a9126_79 to output/dev/seq_no/79. 


2023-10-06T15:11:15.186+0530	INFO	base/interfaces.go:274	Compiled model. Material_active_plan_intervals_7451f0dc_79 to output/dev/seq_no/79. 


2023-10-06T15:11:15.186+0530	INFO	base/interfaces.go:274	Compiled model. Material_amt_spent_in_past_365_days_92984e8b_79 to output/dev/seq_no/79. 


2023-10-06T15:11:15.186+0530	INFO	base/interfaces.go:274	Compiled model. Material_amt_spent_subscriptions_7451f0dc_79 to output/dev/seq_no/79. 


2023-10-06T15:11:15.186+0530	INFO	base/interfaces.go:274	Compiled model. Material_average_transaction_value_92984e8b_79 to output/dev/seq_no/79. 


2023-10-06T15:11:15.187+0530	INFO	base/interfaces.go:274	Compiled model. Material_average_transaction_value_in_past_365_days_92984e8b_79 to output/dev/seq_no/79. 


2023-10-06T15:11:15.187+0530	INFO	base/interfaces.go:274	Compiled model. Material_current_amount_due_subscriptions_7451f0dc_79 to output/dev/seq_no/79. 


2023-10-06T15:11:15.187+0530	INFO	base/interfaces.go:274	Compiled model. Material_customer_currency_52ebde66_79 to output/dev/seq_no/79. 


2023-10-06T15:11:15.188+0530	INFO	base/interfaces.go:274	Compiled model. Material_days_since_first_sale_3909be40_79 to output/dev/seq_no/79. 


2023-10-06T15:11:15.188+0530	INFO	base/interfaces.go:274	Compiled model. Material_days_since_first_subscription_e8ed249f_79 to output/dev/seq_no/79. 


2023-10-06T15:11:15.188+0530	INFO	base/interfaces.go:274	Compiled model. Material_days_since_last_purchase_3909be40_79 to output/dev/seq_no/79. 


2023-10-06T15:11:15.188+0530	INFO	base/interfaces.go:274	Compiled model. Material_distinct_plans_subscribed_7451f0dc_79 to output/dev/seq_no/79. 


2023-10-06T15:11:15.189+0530	INFO	base/interfaces.go:274	Compiled model. Material_fees_in_past_365_days_92984e8b_79 to output/dev/seq_no/79. 


2023-10-06T15:11:15.189+0530	INFO	base/interfaces.go:274	Compiled model. Material_first_sale_time_52ebde66_79 to output/dev/seq_no/79. 


2023-10-06T15:11:15.189+0530	INFO	base/interfaces.go:274	Compiled model. Material_first_subscription_time_7451f0dc_79 to output/dev/seq_no/79. 


2023-10-06T15:11:15.190+0530	INFO	base/interfaces.go:274	Compiled model. Material_has_credit_card_52ebde66_79 to output/dev/seq_no/79. 


2023-10-06T15:11:15.190+0530	INFO	base/interfaces.go:274	Compiled model. Material_highest_transaction_value_92984e8b_79 to output/dev/seq_no/79. 


2023-10-06T15:11:15.190+0530	INFO	base/interfaces.go:274	Compiled model. Material_highest_transaction_value_in_past_365_days_92984e8b_79 to output/dev/seq_no/79. 


2023-10-06T15:11:15.191+0530	INFO	base/interfaces.go:274	Compiled model. Material_is_delinquent_8c1da501_79 to output/dev/seq_no/79. 


2023-10-06T15:11:15.191+0530	INFO	base/interfaces.go:274	Compiled model. Material_last_purchase_time_52ebde66_79 to output/dev/seq_no/79. 


2023-10-06T15:11:15.191+0530	INFO	base/interfaces.go:274	Compiled model. Material_n_max_renewals_7451f0dc_79 to output/dev/seq_no/79. 


2023-10-06T15:11:15.191+0530	INFO	base/interfaces.go:274	Compiled model. Material_n_paid_intervals_7451f0dc_79 to output/dev/seq_no/79. 


2023-10-06T15:11:15.192+0530	INFO	base/interfaces.go:274	Compiled model. Material_n_plans_total_7451f0dc_79 to output/dev/seq_no/79. 


2023-10-06T15:11:15.192+0530	INFO	base/interfaces.go:274	Compiled model. Material_n_subscriptions_total_7451f0dc_79 to output/dev/seq_no/79. 


2023-10-06T15:11:15.192+0530	INFO	base/interfaces.go:274	Compiled model. Material_net_transaction_amount_in_past_365_days_92984e8b_79 to output/dev/seq_no/79. 


2023-10-06T15:11:15.193+0530	INFO	base/interfaces.go:274	Compiled model. Material_payment_method_details_card_network_52ebde66_79 to output/dev/seq_no/79. 


2023-10-06T15:11:15.193+0530	INFO	base/interfaces.go:274	Compiled model. Material_refund_count_92984e8b_79 to output/dev/seq_no/79. 


2023-10-06T15:11:15.193+0530	INFO	base/interfaces.go:274	Compiled model. Material_refund_count_in_past_365_days_92984e8b_79 to output/dev/seq_no/79. 


2023-10-06T15:11:15.193+0530	INFO	base/interfaces.go:274	Compiled model. Material_refund_in_past_365_days_92984e8b_79 to output/dev/seq_no/79. 


2023-10-06T15:11:15.194+0530	INFO	base/interfaces.go:274	Compiled model. Material_sales_in_past_365_days_92984e8b_79 to output/dev/seq_no/79. 


2023-10-06T15:11:15.194+0530	INFO	base/interfaces.go:274	Compiled model. Material_shipping_address_country_51bc79af_79 to output/dev/seq_no/79. 


2023-10-06T15:11:15.194+0530	INFO	base/interfaces.go:274	Compiled model. Material_shipping_address_country_ts_52ebde66_79 to output/dev/seq_no/79. 


2023-10-06T15:11:15.195+0530	INFO	base/interfaces.go:274	Compiled model. Material_shipping_address_state_51bc79af_79 to output/dev/seq_no/79. 


2023-10-06T15:11:15.195+0530	INFO	base/interfaces.go:274	Compiled model. Material_shipping_address_state_ts_52ebde66_79 to output/dev/seq_no/79. 


2023-10-06T15:11:15.196+0530	INFO	base/interfaces.go:274	Compiled model. Material_total_active_plan_amount_7451f0dc_79 to output/dev/seq_no/79. 


2023-10-06T15:11:15.196+0530	INFO	base/interfaces.go:274	Compiled model. Material_total_active_plans_7451f0dc_79 to output/dev/seq_no/79. 


2023-10-06T15:11:15.196+0530	INFO	base/interfaces.go:274	Compiled model. Material_total_active_subscriptions_7451f0dc_79 to output/dev/seq_no/79. 


2023-10-06T15:11:15.196+0530	INFO	base/interfaces.go:274	Compiled model. Material_total_amt_spent_92984e8b_79 to output/dev/seq_no/79. 


2023-10-06T15:11:15.197+0530	INFO	base/interfaces.go:274	Compiled model. Material_total_failed_charge_amount_52ebde66_79 to output/dev/seq_no/79. 


2023-10-06T15:11:15.197+0530	INFO	base/interfaces.go:274	Compiled model. Material_total_failed_charge_count_52ebde66_79 to output/dev/seq_no/79. 


2023-10-06T15:11:15.197+0530	INFO	base/interfaces.go:274	Compiled model. Material_total_fees_92984e8b_79 to output/dev/seq_no/79. 


2023-10-06T15:11:15.198+0530	INFO	base/interfaces.go:274	Compiled model. Material_total_net_transaction_amount_92984e8b_79 to output/dev/seq_no/79. 


2023-10-06T15:11:15.198+0530	INFO	base/interfaces.go:274	Compiled model. Material_total_refunds_92984e8b_79 to output/dev/seq_no/79. 


2023-10-06T15:11:15.198+0530	INFO	base/interfaces.go:274	Compiled model. Material_total_sales_92984e8b_79 to output/dev/seq_no/79. 


2023-10-06T15:11:15.198+0530	INFO	base/interfaces.go:274	Compiled model. Material_total_transactions_92984e8b_79 to output/dev/seq_no/79. 


2023-10-06T15:11:15.199+0530	INFO	base/interfaces.go:274	Compiled model. Material_transactions_in_past_365_days_92984e8b_79 to output/dev/seq_no/79. 


2023-10-06T15:11:15.199+0530	INFO	base/interfaces.go:274	Compiled model. Material_user_var_table_9f958c6c_79 to output/dev/seq_no/79. 


2023-10-06T15:11:15.199+0530	INFO	base/interfaces.go:274	Compiled model. Material_stripeBalanceHistory_var_table_d7934254_79 to output/dev/seq_no/79. 


2023-10-06T15:11:15.200+0530	INFO	base/interfaces.go:274	Compiled model. Material_stripeCharges_var_table_4d88169b_79 to output/dev/seq_no/79. 


2023-10-06T15:11:15.200+0530	INFO	base/interfaces.go:274	Compiled model. Material_stripeCustomers_var_table_6e7cf99a_79 to output/dev/seq_no/79. 


2023-10-06T15:11:17.428+0530	INFO	base/interfaces.go:274	Compiled model. Material_stripeInvoices_var_table_testHash_79 to output/dev/seq_no/79. 


2023-10-06T15:11:17.428+0530	INFO	base/interfaces.go:274	Compiled model. Material_stripeInvoicesView_var_table_88af8a7c_79 to output/dev/seq_no/79. 


2023-10-06T15:11:19.806+0530	INFO	base/interfaces.go:274	Compiled model. Material_subscriptions_renewal_count_testHash_79 to output/dev/seq_no/79. 


2023-10-06T15:11:22.038+0530	INFO	base/interfaces.go:274	Compiled model. Material_stripeRefunds_var_table_testHash_79 to output/dev/seq_no/79. 


2023-10-06T15:11:24.271+0530	INFO	base/interfaces.go:274	Compiled model. Material_stripeSubscriptions_var_table_testHash_79 to output/dev/seq_no/79. 


2023-10-06T19:15:49.905+0530	ERROR	template/templates.go:39	executing sql template: [Error (where: execution) in <string> | Line 293 Col 6 near 'warehouse'] [Error (where: execution) in <string> | Line 293 Col 30 near 'beginEndMacro'] [Error (where: execution) in <string> | Line 26 Col 51 near 'warehouse'] running exec tag: [Error (where: execution) in <string> | Line 26 Col 71 near 'whStatement'] [Error (where: execution) in <string> | Line 10 Col 34 near 'stripeCustomers'] No value found for stripeCustomers.Var

2023-10-06T19:15:49.906+0530	ERROR	core/project.go:1335	populating dependencies for project:stripe_features, model: has_credit_card: preparing recipe for has_credit_card : preparing sqlQueryRecipe: executing sql template: [Error (where: execution) in <string> | Line 293 Col 6 near 'warehouse'] [Error (where: execution) in <string> | Line 293 Col 30 near 'beginEndMacro'] [Error (where: execution) in <string> | Line 26 Col 51 near 'warehouse'] running exec tag: [Error (where: execution) in <string> | Line 26 Col 71 near 'whStatement'] [Error (where: execution) in <string> | Line 10 Col 34 near 'stripeCustomers'] No value found for stripeCustomers.Var

2023-10-06T19:24:19.623+0530	INFO	base/interfaces.go:274	Compiled model. Material_stripe_features_391a9707_80 to output/dev/seq_no/80. 


2023-10-06T19:24:19.625+0530	INFO	base/interfaces.go:274	Compiled model. Material_stripe_id_stitcher_903a9126_80 to output/dev/seq_no/80. 


2023-10-06T19:24:19.625+0530	INFO	base/interfaces.go:274	Compiled model. Material_active_plan_intervals_7451f0dc_80 to output/dev/seq_no/80. 


2023-10-06T19:24:19.626+0530	INFO	base/interfaces.go:274	Compiled model. Material_amt_spent_in_past_365_days_92984e8b_80 to output/dev/seq_no/80. 


2023-10-06T19:24:19.626+0530	INFO	base/interfaces.go:274	Compiled model. Material_amt_spent_subscriptions_7451f0dc_80 to output/dev/seq_no/80. 


2023-10-06T19:24:19.626+0530	INFO	base/interfaces.go:274	Compiled model. Material_average_transaction_value_92984e8b_80 to output/dev/seq_no/80. 


2023-10-06T19:24:19.626+0530	INFO	base/interfaces.go:274	Compiled model. Material_average_transaction_value_in_past_365_days_92984e8b_80 to output/dev/seq_no/80. 


2023-10-06T19:24:19.627+0530	INFO	base/interfaces.go:274	Compiled model. Material_current_amount_due_subscriptions_7451f0dc_80 to output/dev/seq_no/80. 


2023-10-06T19:24:19.627+0530	INFO	base/interfaces.go:274	Compiled model. Material_customer_currency_51bc79af_80 to output/dev/seq_no/80. 


2023-10-06T19:24:19.627+0530	INFO	base/interfaces.go:274	Compiled model. Material_customer_currency_ts_52ebde66_80 to output/dev/seq_no/80. 


2023-10-06T19:24:19.627+0530	INFO	base/interfaces.go:274	Compiled model. Material_days_since_first_sale_3909be40_80 to output/dev/seq_no/80. 


2023-10-06T19:24:19.627+0530	INFO	base/interfaces.go:274	Compiled model. Material_days_since_first_subscription_e8ed249f_80 to output/dev/seq_no/80. 


2023-10-06T19:24:19.628+0530	INFO	base/interfaces.go:274	Compiled model. Material_days_since_last_purchase_3909be40_80 to output/dev/seq_no/80. 


2023-10-06T19:24:19.628+0530	INFO	base/interfaces.go:274	Compiled model. Material_distinct_plans_subscribed_7451f0dc_80 to output/dev/seq_no/80. 


2023-10-06T19:24:19.628+0530	INFO	base/interfaces.go:274	Compiled model. Material_fees_in_past_365_days_92984e8b_80 to output/dev/seq_no/80. 


2023-10-06T19:24:19.629+0530	INFO	base/interfaces.go:274	Compiled model. Material_first_sale_time_52ebde66_80 to output/dev/seq_no/80. 


2023-10-06T19:24:19.629+0530	INFO	base/interfaces.go:274	Compiled model. Material_first_subscription_time_7451f0dc_80 to output/dev/seq_no/80. 


2023-10-06T19:24:19.629+0530	INFO	base/interfaces.go:274	Compiled model. Material_has_credit_card_52ebde66_80 to output/dev/seq_no/80. 


2023-10-06T19:24:19.630+0530	INFO	base/interfaces.go:274	Compiled model. Material_highest_transaction_value_92984e8b_80 to output/dev/seq_no/80. 


2023-10-06T19:24:19.630+0530	INFO	base/interfaces.go:274	Compiled model. Material_highest_transaction_value_in_past_365_days_92984e8b_80 to output/dev/seq_no/80. 


2023-10-06T19:24:19.630+0530	INFO	base/interfaces.go:274	Compiled model. Material_is_delinquent_8c1da501_80 to output/dev/seq_no/80. 


2023-10-06T19:24:19.631+0530	INFO	base/interfaces.go:274	Compiled model. Material_last_purchase_time_52ebde66_80 to output/dev/seq_no/80. 


2023-10-06T19:24:19.631+0530	INFO	base/interfaces.go:274	Compiled model. Material_n_max_renewals_ddc6b401_80 to output/dev/seq_no/80. 


2023-10-06T19:24:19.631+0530	INFO	base/interfaces.go:274	Compiled model. Material_n_paid_intervals_7451f0dc_80 to output/dev/seq_no/80. 


2023-10-06T19:24:19.632+0530	INFO	base/interfaces.go:274	Compiled model. Material_n_plans_total_7451f0dc_80 to output/dev/seq_no/80. 


2023-10-06T19:24:19.632+0530	INFO	base/interfaces.go:274	Compiled model. Material_n_subscriptions_total_7451f0dc_80 to output/dev/seq_no/80. 


2023-10-06T19:24:19.633+0530	INFO	base/interfaces.go:274	Compiled model. Material_net_transaction_amount_in_past_365_days_92984e8b_80 to output/dev/seq_no/80. 


2023-10-06T19:24:19.633+0530	INFO	base/interfaces.go:274	Compiled model. Material_payment_method_details_card_network_51bc79af_80 to output/dev/seq_no/80. 


2023-10-06T19:24:19.633+0530	INFO	base/interfaces.go:274	Compiled model. Material_payment_method_details_card_network_ts_52ebde66_80 to output/dev/seq_no/80. 


2023-10-06T19:24:19.634+0530	INFO	base/interfaces.go:274	Compiled model. Material_refund_count_92984e8b_80 to output/dev/seq_no/80. 


2023-10-06T19:24:19.634+0530	INFO	base/interfaces.go:274	Compiled model. Material_refund_count_in_past_365_days_92984e8b_80 to output/dev/seq_no/80. 


2023-10-06T19:24:19.635+0530	INFO	base/interfaces.go:274	Compiled model. Material_refund_in_past_365_days_92984e8b_80 to output/dev/seq_no/80. 


2023-10-06T19:24:19.635+0530	INFO	base/interfaces.go:274	Compiled model. Material_sales_in_past_365_days_92984e8b_80 to output/dev/seq_no/80. 


2023-10-06T19:24:19.635+0530	INFO	base/interfaces.go:274	Compiled model. Material_shipping_address_country_51bc79af_80 to output/dev/seq_no/80. 


2023-10-06T19:24:19.636+0530	INFO	base/interfaces.go:274	Compiled model. Material_shipping_address_country_ts_52ebde66_80 to output/dev/seq_no/80. 


2023-10-06T19:24:19.636+0530	INFO	base/interfaces.go:274	Compiled model. Material_shipping_address_state_51bc79af_80 to output/dev/seq_no/80. 


2023-10-06T19:24:19.636+0530	INFO	base/interfaces.go:274	Compiled model. Material_shipping_address_state_ts_52ebde66_80 to output/dev/seq_no/80. 


2023-10-06T19:24:19.637+0530	INFO	base/interfaces.go:274	Compiled model. Material_total_active_plan_amount_7451f0dc_80 to output/dev/seq_no/80. 


2023-10-06T19:24:19.637+0530	INFO	base/interfaces.go:274	Compiled model. Material_total_active_plans_7451f0dc_80 to output/dev/seq_no/80. 


2023-10-06T19:24:19.637+0530	INFO	base/interfaces.go:274	Compiled model. Material_total_active_subscriptions_7451f0dc_80 to output/dev/seq_no/80. 


2023-10-06T19:24:19.638+0530	INFO	base/interfaces.go:274	Compiled model. Material_total_amt_spent_92984e8b_80 to output/dev/seq_no/80. 


2023-10-06T19:24:19.638+0530	INFO	base/interfaces.go:274	Compiled model. Material_total_failed_charge_amount_52ebde66_80 to output/dev/seq_no/80. 


2023-10-06T19:24:19.638+0530	INFO	base/interfaces.go:274	Compiled model. Material_total_failed_charge_count_52ebde66_80 to output/dev/seq_no/80. 


2023-10-06T19:24:19.639+0530	INFO	base/interfaces.go:274	Compiled model. Material_total_fees_92984e8b_80 to output/dev/seq_no/80. 


2023-10-06T19:24:19.639+0530	INFO	base/interfaces.go:274	Compiled model. Material_total_net_transaction_amount_92984e8b_80 to output/dev/seq_no/80. 


2023-10-06T19:24:19.640+0530	INFO	base/interfaces.go:274	Compiled model. Material_total_refunds_92984e8b_80 to output/dev/seq_no/80. 


2023-10-06T19:24:19.640+0530	INFO	base/interfaces.go:274	Compiled model. Material_total_sales_92984e8b_80 to output/dev/seq_no/80. 


2023-10-06T19:24:19.640+0530	INFO	base/interfaces.go:274	Compiled model. Material_total_transactions_92984e8b_80 to output/dev/seq_no/80. 


2023-10-06T19:24:19.641+0530	INFO	base/interfaces.go:274	Compiled model. Material_transactions_in_past_365_days_92984e8b_80 to output/dev/seq_no/80. 


2023-10-06T19:24:19.641+0530	INFO	base/interfaces.go:274	Compiled model. Material_user_var_table_9f958c6c_80 to output/dev/seq_no/80. 


2023-10-06T19:24:19.641+0530	INFO	base/interfaces.go:274	Compiled model. Material_stripeBalanceHistory_var_table_d7934254_80 to output/dev/seq_no/80. 


2023-10-06T19:24:19.641+0530	INFO	base/interfaces.go:274	Compiled model. Material_stripeCharges_var_table_4d88169b_80 to output/dev/seq_no/80. 


2023-10-06T19:24:19.642+0530	INFO	base/interfaces.go:274	Compiled model. Material_stripeCustomers_var_table_6e7cf99a_80 to output/dev/seq_no/80. 


2023-10-06T19:24:22.074+0530	INFO	base/interfaces.go:274	Compiled model. Material_stripeInvoices_var_table_testHash_80 to output/dev/seq_no/80. 


2023-10-06T19:24:22.074+0530	INFO	base/interfaces.go:274	Compiled model. Material_stripeInvoicesView_var_table_88af8a7c_80 to output/dev/seq_no/80. 


2023-10-06T19:24:22.075+0530	INFO	base/interfaces.go:274	Compiled model. Material_subscriptions_renewal_count_adc72596_80 to output/dev/seq_no/80. 


2023-10-06T19:24:24.636+0530	INFO	base/interfaces.go:274	Compiled model. Material_stripeRefunds_var_table_testHash_80 to output/dev/seq_no/80. 


2023-10-06T19:24:27.083+0530	INFO	base/interfaces.go:274	Compiled model. Material_stripeSubscriptions_var_table_testHash_80 to output/dev/seq_no/80. 


2023-10-06T19:30:56.014+0530	INFO	base/interfaces.go:274	Compiled model. Material_stripe_features_391a9707_81 to output/dev/seq_no/81. 


2023-10-06T19:30:56.015+0530	INFO	base/interfaces.go:274	Compiled model. Material_stripe_id_stitcher_903a9126_81 to output/dev/seq_no/81. 


2023-10-06T19:30:56.015+0530	INFO	base/interfaces.go:274	Compiled model. Material_active_plan_intervals_7451f0dc_81 to output/dev/seq_no/81. 


2023-10-06T19:30:56.016+0530	INFO	base/interfaces.go:274	Compiled model. Material_amt_spent_in_past_365_days_92984e8b_81 to output/dev/seq_no/81. 


2023-10-06T19:30:56.016+0530	INFO	base/interfaces.go:274	Compiled model. Material_amt_spent_subscriptions_7451f0dc_81 to output/dev/seq_no/81. 


2023-10-06T19:30:56.016+0530	INFO	base/interfaces.go:274	Compiled model. Material_average_transaction_value_92984e8b_81 to output/dev/seq_no/81. 


2023-10-06T19:30:56.016+0530	INFO	base/interfaces.go:274	Compiled model. Material_average_transaction_value_in_past_365_days_92984e8b_81 to output/dev/seq_no/81. 


2023-10-06T19:30:56.016+0530	INFO	base/interfaces.go:274	Compiled model. Material_current_amount_due_subscriptions_7451f0dc_81 to output/dev/seq_no/81. 


2023-10-06T19:30:56.017+0530	INFO	base/interfaces.go:274	Compiled model. Material_customer_currency_51bc79af_81 to output/dev/seq_no/81. 


2023-10-06T19:30:56.017+0530	INFO	base/interfaces.go:274	Compiled model. Material_customer_currency_ts_52ebde66_81 to output/dev/seq_no/81. 


2023-10-06T19:30:56.017+0530	INFO	base/interfaces.go:274	Compiled model. Material_days_since_first_sale_3909be40_81 to output/dev/seq_no/81. 


2023-10-06T19:30:56.017+0530	INFO	base/interfaces.go:274	Compiled model. Material_days_since_first_subscription_e8ed249f_81 to output/dev/seq_no/81. 


2023-10-06T19:30:56.018+0530	INFO	base/interfaces.go:274	Compiled model. Material_days_since_last_purchase_3909be40_81 to output/dev/seq_no/81. 


2023-10-06T19:30:56.018+0530	INFO	base/interfaces.go:274	Compiled model. Material_distinct_plans_subscribed_7451f0dc_81 to output/dev/seq_no/81. 


2023-10-06T19:30:56.018+0530	INFO	base/interfaces.go:274	Compiled model. Material_fees_in_past_365_days_92984e8b_81 to output/dev/seq_no/81. 


2023-10-06T19:30:56.019+0530	INFO	base/interfaces.go:274	Compiled model. Material_first_sale_time_52ebde66_81 to output/dev/seq_no/81. 


2023-10-06T19:30:56.019+0530	INFO	base/interfaces.go:274	Compiled model. Material_first_subscription_time_7451f0dc_81 to output/dev/seq_no/81. 


2023-10-06T19:30:56.019+0530	INFO	base/interfaces.go:274	Compiled model. Material_has_credit_card_52ebde66_81 to output/dev/seq_no/81. 


2023-10-06T19:30:56.020+0530	INFO	base/interfaces.go:274	Compiled model. Material_highest_transaction_value_92984e8b_81 to output/dev/seq_no/81. 


2023-10-06T19:30:56.020+0530	INFO	base/interfaces.go:274	Compiled model. Material_highest_transaction_value_in_past_365_days_92984e8b_81 to output/dev/seq_no/81. 


2023-10-06T19:30:56.020+0530	INFO	base/interfaces.go:274	Compiled model. Material_is_delinquent_8c1da501_81 to output/dev/seq_no/81. 


2023-10-06T19:30:56.021+0530	INFO	base/interfaces.go:274	Compiled model. Material_last_purchase_time_52ebde66_81 to output/dev/seq_no/81. 


2023-10-06T19:30:56.021+0530	INFO	base/interfaces.go:274	Compiled model. Material_n_max_renewals_ddc6b401_81 to output/dev/seq_no/81. 


2023-10-06T19:30:56.022+0530	INFO	base/interfaces.go:274	Compiled model. Material_n_paid_intervals_7451f0dc_81 to output/dev/seq_no/81. 


2023-10-06T19:30:56.022+0530	INFO	base/interfaces.go:274	Compiled model. Material_n_plans_total_7451f0dc_81 to output/dev/seq_no/81. 


2023-10-06T19:30:56.023+0530	INFO	base/interfaces.go:274	Compiled model. Material_n_subscriptions_total_7451f0dc_81 to output/dev/seq_no/81. 


2023-10-06T19:30:56.023+0530	INFO	base/interfaces.go:274	Compiled model. Material_net_transaction_amount_in_past_365_days_92984e8b_81 to output/dev/seq_no/81. 


2023-10-06T19:30:56.023+0530	INFO	base/interfaces.go:274	Compiled model. Material_payment_method_details_card_network_51bc79af_81 to output/dev/seq_no/81. 


2023-10-06T19:30:56.024+0530	INFO	base/interfaces.go:274	Compiled model. Material_payment_method_details_card_network_ts_52ebde66_81 to output/dev/seq_no/81. 


2023-10-06T19:30:56.024+0530	INFO	base/interfaces.go:274	Compiled model. Material_refund_count_92984e8b_81 to output/dev/seq_no/81. 


2023-10-06T19:30:56.024+0530	INFO	base/interfaces.go:274	Compiled model. Material_refund_count_in_past_365_days_92984e8b_81 to output/dev/seq_no/81. 


2023-10-06T19:30:56.025+0530	INFO	base/interfaces.go:274	Compiled model. Material_refund_in_past_365_days_92984e8b_81 to output/dev/seq_no/81. 


2023-10-06T19:30:56.025+0530	INFO	base/interfaces.go:274	Compiled model. Material_sales_in_past_365_days_92984e8b_81 to output/dev/seq_no/81. 


2023-10-06T19:30:56.025+0530	INFO	base/interfaces.go:274	Compiled model. Material_shipping_address_country_51bc79af_81 to output/dev/seq_no/81. 


2023-10-06T19:30:56.025+0530	INFO	base/interfaces.go:274	Compiled model. Material_shipping_address_country_ts_52ebde66_81 to output/dev/seq_no/81. 


2023-10-06T19:30:56.026+0530	INFO	base/interfaces.go:274	Compiled model. Material_shipping_address_state_51bc79af_81 to output/dev/seq_no/81. 


2023-10-06T19:30:56.026+0530	INFO	base/interfaces.go:274	Compiled model. Material_shipping_address_state_ts_52ebde66_81 to output/dev/seq_no/81. 


2023-10-06T19:30:56.026+0530	INFO	base/interfaces.go:274	Compiled model. Material_total_active_plan_amount_7451f0dc_81 to output/dev/seq_no/81. 


2023-10-06T19:30:56.027+0530	INFO	base/interfaces.go:274	Compiled model. Material_total_active_plans_7451f0dc_81 to output/dev/seq_no/81. 


2023-10-06T19:30:56.027+0530	INFO	base/interfaces.go:274	Compiled model. Material_total_active_subscriptions_7451f0dc_81 to output/dev/seq_no/81. 


2023-10-06T19:30:56.027+0530	INFO	base/interfaces.go:274	Compiled model. Material_total_amt_spent_92984e8b_81 to output/dev/seq_no/81. 


2023-10-06T19:30:56.028+0530	INFO	base/interfaces.go:274	Compiled model. Material_total_failed_charge_amount_52ebde66_81 to output/dev/seq_no/81. 


2023-10-06T19:30:56.028+0530	INFO	base/interfaces.go:274	Compiled model. Material_total_failed_charge_count_52ebde66_81 to output/dev/seq_no/81. 


2023-10-06T19:30:56.029+0530	INFO	base/interfaces.go:274	Compiled model. Material_total_fees_92984e8b_81 to output/dev/seq_no/81. 


2023-10-06T19:30:56.029+0530	INFO	base/interfaces.go:274	Compiled model. Material_total_net_transaction_amount_92984e8b_81 to output/dev/seq_no/81. 


2023-10-06T19:30:56.029+0530	INFO	base/interfaces.go:274	Compiled model. Material_total_refunds_92984e8b_81 to output/dev/seq_no/81. 


2023-10-06T19:30:56.030+0530	INFO	base/interfaces.go:274	Compiled model. Material_total_sales_92984e8b_81 to output/dev/seq_no/81. 


2023-10-06T19:30:56.030+0530	INFO	base/interfaces.go:274	Compiled model. Material_total_transactions_92984e8b_81 to output/dev/seq_no/81. 


2023-10-06T19:30:56.031+0530	INFO	base/interfaces.go:274	Compiled model. Material_transactions_in_past_365_days_92984e8b_81 to output/dev/seq_no/81. 


2023-10-06T19:30:56.031+0530	INFO	base/interfaces.go:274	Compiled model. Material_user_var_table_9f958c6c_81 to output/dev/seq_no/81. 


2023-10-06T19:30:56.031+0530	INFO	base/interfaces.go:274	Compiled model. Material_stripeBalanceHistory_var_table_d7934254_81 to output/dev/seq_no/81. 


2023-10-06T19:30:56.032+0530	INFO	base/interfaces.go:274	Compiled model. Material_stripeCharges_var_table_4d88169b_81 to output/dev/seq_no/81. 


2023-10-06T19:30:56.032+0530	INFO	base/interfaces.go:274	Compiled model. Material_stripeCustomers_var_table_6e7cf99a_81 to output/dev/seq_no/81. 


2023-10-06T19:30:58.403+0530	INFO	base/interfaces.go:274	Compiled model. Material_stripeInvoices_var_table_testHash_81 to output/dev/seq_no/81. 


2023-10-06T19:30:58.404+0530	INFO	base/interfaces.go:274	Compiled model. Material_stripeInvoicesView_var_table_88af8a7c_81 to output/dev/seq_no/81. 


2023-10-06T19:30:58.404+0530	INFO	base/interfaces.go:274	Compiled model. Material_subscriptions_renewal_count_adc72596_81 to output/dev/seq_no/81. 


2023-10-06T19:31:00.823+0530	INFO	base/interfaces.go:274	Compiled model. Material_stripeRefunds_var_table_testHash_81 to output/dev/seq_no/81. 


2023-10-06T19:31:03.484+0530	INFO	base/interfaces.go:274	Compiled model. Material_stripeSubscriptions_var_table_testHash_81 to output/dev/seq_no/81. 


